<?xml version="1.0" encoding="UTF-8"?>
<!-- Generated by org.testng.reporters.JUnitXMLReporter -->
<testsuite ignored="0" hostname="Uncodemy" failures="1" tests="2" name="Regression1" time="0.055" errors="0" timestamp="2023-09-27T17:11:41 IST">
  <testcase classname="navigation.NG" name="test1" time="0.009"/>
  <testcase classname="navigation.TestNG" name="open_the_url" time="0.003">
    <failure type="java.lang.AssertionError" message="expected [https://www.goooogle.com] but found [https://www.google.com]">
      <![CDATA[java.lang.AssertionError: expected [https://www.goooogle.com] but found [https://www.google.com]
at navigation.TestNG.open_the_url(TestNG.java:25)
at java.base/java.util.ArrayList.forEach(ArrayList.java:1511)
... Removed 33 stack frames]]>
    </failure>
  </testcase> <!-- open_the_url -->
</testsuite> <!-- Regression1 -->
